<?xml version="1.0" encoding="UTF-8"?>
<testng-results skipped="0" failed="0" total="1" passed="1">
  <reporter-output>
  </reporter-output>
  <suite name="Suite" duration-ms="39" started-at="2017-03-09T13:01:29Z" finished-at="2017-03-09T13:01:29Z">
    <groups>
    </groups>
    <test name="Test" duration-ms="39" started-at="2017-03-09T13:01:29Z" finished-at="2017-03-09T13:01:29Z">
      <class name="com.jenkins.demo.Demo">
        <test-method status="PASS" signature="jDemo()[pri:0, instance:com.jenkins.demo.Demo@17ed40e0]" name="jDemo" duration-ms="19" started-at="2017-03-09T18:31:29Z" finished-at="2017-03-09T18:31:29Z">
          <reporter-output>
          </reporter-output>
        </test-method> <!-- jDemo -->
      </class> <!-- com.jenkins.demo.Demo -->
    </test> <!-- Test -->
  </suite> <!-- Suite -->
</testng-results>
